<?xml version="1.0" encoding="UTF-8"?>
<!-- Generated by org.testng.reporters.JUnitXMLReporter -->
<testsuite ignored="0" hostname="Pruthvi" failures="8" tests="15" name="CoreTests" time="143.159" errors="0" timestamp="2025-09-08T08:57:50 IST">
  <testcase classname="testcases.RegisterTest" name="userCanRegister" time="4.248"/>
  <testcase classname="testcases.LoginValidTest" name="loginWithValidCredentials" time="17.034"/>
  <testcase classname="testcases.LoginInvalidTest" name="loginWithInvalidCredentialsShowsError" time="2.956"/>
  <testcase classname="testcases.SearchTest" name="searchShowsResults" time="2.093">
    <failure type="java.lang.AssertionError" message="Expected search results &amp;gt; 0 but found 0 expected [true] but found [false]">
      <![CDATA[java.lang.AssertionError: Expected search results > 0 but found 0 expected [true] but found [false]
at testcases.SearchTest.searchShowsResults(SearchTest.java:24)
at java.base/java.util.ArrayList.forEach(ArrayList.java:1596)
... Removed 28 stack frames]]>
    </failure>
  </testcase> <!-- searchShowsResults -->
  <testcase classname="testcases.ProductDetailsTest" name="openFirstProductAndVerifyTitle" time="2.288">
    <failure type="java.lang.AssertionError" message="Product title mismatch or empty. expected to contain: Asus Laptop but was: Search expected [true] but found [false]">
      <![CDATA[java.lang.AssertionError: Product title mismatch or empty. expected to contain: Asus Laptop but was: Search expected [true] but found [false]
at testcases.ProductDetailsTest.openFirstProductAndVerifyTitle(ProductDetailsTest.java:31)
at java.base/java.util.ArrayList.forEach(ArrayList.java:1596)
... Removed 28 stack frames]]>
    </failure>
  </testcase> <!-- openFirstProductAndVerifyTitle -->
  <testcase classname="testcases.AddToCartTest" name="addProductQtyTwoToCart" time="14.489">
    <failure type="org.openqa.selenium.TimeoutException" message="Condition not met within 10s
Build info: version: &amp;apos;4.35.0&amp;apos;, revision: &amp;apos;1c58e5028b&amp;apos;
System info: os.name: &amp;apos;Windows 11&amp;apos;, os.arch: &amp;apos;amd64&amp;apos;, os.version: &amp;apos;10.0&amp;apos;, java.version: &amp;apos;21.0.7&amp;apos;
Driver info: driver.version: unknown">
      <![CDATA[org.openqa.selenium.TimeoutException: Condition not met within 10s
Build info: version: '4.35.0', revision: '1c58e5028b'
System info: os.name: 'Windows 11', os.arch: 'amd64', os.version: '10.0', java.version: '21.0.7'
Driver info: driver.version: unknown
at Utils.WaitUtil.waitFor(WaitUtil.java:25)
at testcases.AddToCartTest.addProductQtyTwoToCart(AddToCartTest.java:37)
at java.base/java.util.ArrayList.forEach(ArrayList.java:1596)
... Removed 25 stack frames]]>
    </failure>
  </testcase> <!-- addProductQtyTwoToCart -->
  <testcase classname="testcases.RemoveFromCartTest" name="addThenRemoveItemFromCart" time="13.601">
    <failure type="org.openqa.selenium.TimeoutException" message="Condition not met within 10s
Build info: version: &amp;apos;4.35.0&amp;apos;, revision: &amp;apos;1c58e5028b&amp;apos;
System info: os.name: &amp;apos;Windows 11&amp;apos;, os.arch: &amp;apos;amd64&amp;apos;, os.version: &amp;apos;10.0&amp;apos;, java.version: &amp;apos;21.0.7&amp;apos;
Driver info: driver.version: unknown">
      <![CDATA[org.openqa.selenium.TimeoutException: Condition not met within 10s
Build info: version: '4.35.0', revision: '1c58e5028b'
System info: os.name: 'Windows 11', os.arch: 'amd64', os.version: '10.0', java.version: '21.0.7'
Driver info: driver.version: unknown
at Utils.WaitUtil.waitFor(WaitUtil.java:25)
at testcases.RemoveFromCartTest.addThenRemoveItemFromCart(RemoveFromCartTest.java:35)
at java.base/java.util.ArrayList.forEach(ArrayList.java:1596)
... Removed 25 stack frames]]>
    </failure>
  </testcase> <!-- addThenRemoveItemFromCart -->
  <testcase classname="testcases.WishlistAddAndVerifyTest" name="addFirstProductToWishlistAndVerify" time="25.593">
    <failure type="org.openqa.selenium.TimeoutException" message="Condition not met within 10s
Build info: version: &amp;apos;4.35.0&amp;apos;, revision: &amp;apos;1c58e5028b&amp;apos;
System info: os.name: &amp;apos;Windows 11&amp;apos;, os.arch: &amp;apos;amd64&amp;apos;, os.version: &amp;apos;10.0&amp;apos;, java.version: &amp;apos;21.0.7&amp;apos;
Driver info: driver.version: unknown">
      <![CDATA[org.openqa.selenium.TimeoutException: Condition not met within 10s
Build info: version: '4.35.0', revision: '1c58e5028b'
System info: os.name: 'Windows 11', os.arch: 'amd64', os.version: '10.0', java.version: '21.0.7'
Driver info: driver.version: unknown
at Utils.WaitUtil.waitFor(WaitUtil.java:25)
at testcases.WishlistAddAndVerifyTest.addFirstProductToWishlistAndVerify(WishlistAddAndVerifyTest.java:37)
at java.base/java.util.ArrayList.forEach(ArrayList.java:1596)
... Removed 25 stack frames]]>
    </failure>
  </testcase> <!-- addFirstProductToWishlistAndVerify -->
  <testcase classname="testcases.WishlistToCartTest" name="moveWishlistItemToCart" time="0.002">
    <failure type="java.lang.Error" message="Unresolved compilation problem: 
	The method moveFirstToCart() is undefined for the type WishlistPage
">
      <![CDATA[java.lang.Error: Unresolved compilation problem: 
The method moveFirstToCart() is undefined for the type WishlistPage

at testcases.WishlistToCartTest.moveWishlistItemToCart(WishlistToCartTest.java:42)
at java.base/java.util.ArrayList.forEach(ArrayList.java:1596)
... Removed 25 stack frames]]>
    </failure>
  </testcase> <!-- moveWishlistItemToCart -->
  <testcase classname="testcases.CheckoutGuestTest" name="guestCheckoutFlow" time="14.214">
    <failure type="org.openqa.selenium.TimeoutException" message="Condition not met within 10s
Build info: version: &amp;apos;4.35.0&amp;apos;, revision: &amp;apos;1c58e5028b&amp;apos;
System info: os.name: &amp;apos;Windows 11&amp;apos;, os.arch: &amp;apos;amd64&amp;apos;, os.version: &amp;apos;10.0&amp;apos;, java.version: &amp;apos;21.0.7&amp;apos;
Driver info: driver.version: unknown">
      <![CDATA[org.openqa.selenium.TimeoutException: Condition not met within 10s
Build info: version: '4.35.0', revision: '1c58e5028b'
System info: os.name: 'Windows 11', os.arch: 'amd64', os.version: '10.0', java.version: '21.0.7'
Driver info: driver.version: unknown
at Utils.WaitUtil.waitFor(WaitUtil.java:25)
at testcases.CheckoutGuestTest.guestCheckoutFlow(CheckoutGuestTest.java:36)
at java.base/java.util.ArrayList.forEach(ArrayList.java:1596)
... Removed 25 stack frames]]>
    </failure>
  </testcase> <!-- guestCheckoutFlow -->
  <testcase classname="testcases.CheckoutRegisteredTest" name="registeredUserCheckout" time="21.245">
    <failure type="org.openqa.selenium.TimeoutException" message="Condition not met within 10s
Build info: version: &amp;apos;4.35.0&amp;apos;, revision: &amp;apos;1c58e5028b&amp;apos;
System info: os.name: &amp;apos;Windows 11&amp;apos;, os.arch: &amp;apos;amd64&amp;apos;, os.version: &amp;apos;10.0&amp;apos;, java.version: &amp;apos;21.0.7&amp;apos;
Driver info: driver.version: unknown">
      <![CDATA[org.openqa.selenium.TimeoutException: Condition not met within 10s
Build info: version: '4.35.0', revision: '1c58e5028b'
System info: os.name: 'Windows 11', os.arch: 'amd64', os.version: '10.0', java.version: '21.0.7'
Driver info: driver.version: unknown
at Utils.WaitUtil.waitFor(WaitUtil.java:25)
at testcases.CheckoutRegisteredTest.registeredUserCheckout(CheckoutRegisteredTest.java:42)
at java.base/java.util.ArrayList.forEach(ArrayList.java:1596)
... Removed 25 stack frames]]>
    </failure>
  </testcase> <!-- registeredUserCheckout -->
  <testcase classname="testcases.UpdateProfileTest" name="updateProfileInformation" time="3.123"/>
  <testcase classname="testcases.ChangePasswordTest" name="changePasswordAndLoginWithNewPassword" time="3.433"/>
  <testcase classname="testcases.OrderHistoryTest" name="purchasedOrderAppearsInHistory" time="0.003"/>
  <testcase classname="testcases.NewsletterSubscriptionTest" name="subscribeAndUnsubscribeNewsletter" time="0.908"/>
</testsuite> <!-- CoreTests -->
